# JRE version: Java(TM) SE Runtime Environment (8.0_73-b02) (build 1.8.0_73-b02)
# Java VM: Java HotSpot(TM) Client VM (25.73-b02 mixed mode windows-x86 )
Heap:
 def new generation   total 5184K, used 1145K [0x04800000, 0x04d90000, 0x09d50000)
  eden space 4672K,  16% used [0x04800000, 0x048c4680, 0x04c90000)
  from space 512K,  70% used [0x04c90000, 0x04ce9f50, 0x04d10000)
  to   space 512K,   0% used [0x04d10000, 0x04d10000, 0x04d90000)
 tenured generation   total 11296K, used 10599K [0x09d50000, 0x0a858000, 0x14800000)
   the space 11296K,  93% used [0x09d50000, 0x0a7a9d18, 0x0a7a9e00, 0x0a858000)
 Metaspace       used 15945K, capacity 16546K, committed 16640K, reserved 16768K
GC Heap History (10 events):
Event: 2.421 GC heap before
{Heap before GC invocations=50 (full 1):
 def new generation   total 5184K, used 4951K [0x04800000, 0x04d90000, 0x09d50000)
  eden space 4672K, 100% used [0x04800000, 0x04c90000, 0x04c90000)
  from space 512K,  54% used [0x04d10000, 0x04d55cc0, 0x04d90000)
  to   space 512K,   0% used [0x04c90000, 0x04c90000, 0x04d10000)
 tenured generation   total 11296K, used 10086K [0x09d50000, 0x0a858000, 0x14800000)
   the space 11296K,  89% used [0x09d50000, 0x0a729a00, 0x0a729a00, 0x0a858000)
 Metaspace       used 14941K, capacity 15517K, committed 15616K, reserved 15744K
Event: 2.424 GC heap after
Heap after GC invocations=51 (full 1):
 def new generation   total 5184K, used 407K [0x04800000, 0x04d90000, 0x09d50000)
  eden space 4672K,   0% used [0x04800000, 0x04800000, 0x04c90000)
  from space 512K,  79% used [0x04c90000, 0x04cf5f20, 0x04d10000)
  to   space 512K,   0% used [0x04d10000, 0x04d10000, 0x04d90000)
 tenured generation   total 11296K, used 10198K [0x09d50000, 0x0a858000, 0x14800000)
   the space 11296K,  90% used [0x09d50000, 0x0a745b70, 0x0a745c00, 0x0a858000)
 Metaspace       used 14941K, capacity 15517K, committed 15616K, reserved 15744K
}
Event: 2.458 GC heap before
{Heap before GC invocations=51 (full 1):
 def new generation   total 5184K, used 5079K [0x04800000, 0x04d90000, 0x09d50000)
  eden space 4672K, 100% used [0x04800000, 0x04c90000, 0x04c90000)
  from space 512K,  79% used [0x04c90000, 0x04cf5f20, 0x04d10000)
  to   space 512K,   0% used [0x04d10000, 0x04d10000, 0x04d90000)
 tenured generation   total 11296K, used 10198K [0x09d50000, 0x0a858000, 0x14800000)
   the space 11296K,  90% used [0x09d50000, 0x0a745b70, 0x0a745c00, 0x0a858000)
 Metaspace       used 15138K, capacity 15709K, committed 15744K, reserved 15744K
Event: 2.460 GC heap after
Heap after GC invocations=52 (full 1):
 def new generation   total 5184K, used 390K [0x04800000, 0x04d90000, 0x09d50000)
  eden space 4672K,   0% used [0x04800000, 0x04800000, 0x04c90000)
  from space 512K,  76% used [0x04d10000, 0x04d71ae0, 0x04d90000)
  to   space 512K,   0% used [0x04c90000, 0x04c90000, 0x04d10000)
 tenured generation   total 11296K, used 10439K [0x09d50000, 0x0a858000, 0x14800000)
   the space 11296K,  92% used [0x09d50000, 0x0a781c58, 0x0a781e00, 0x0a858000)
 Metaspace       used 15138K, capacity 15709K, committed 15744K, reserved 15744K
}
Event: 2.497 GC heap before
{Heap before GC invocations=52 (full 1):
 def new generation   total 5184K, used 5062K [0x04800000, 0x04d90000, 0x09d50000)
  eden space 4672K, 100% used [0x04800000, 0x04c90000, 0x04c90000)
  from space 512K,  76% used [0x04d10000, 0x04d71ae0, 0x04d90000)
  to   space 512K,   0% used [0x04c90000, 0x04c90000, 0x04d10000)
 tenured generation   total 11296K, used 10439K [0x09d50000, 0x0a858000, 0x14800000)
   the space 11296K,  92% used [0x09d50000, 0x0a781c58, 0x0a781e00, 0x0a858000)
 Metaspace       used 15403K, capacity 15997K, committed 16000K, reserved 16768K
Event: 2.499 GC heap after
Heap after GC invocations=53 (full 1):
 def new generation   total 5184K, used 411K [0x04800000, 0x04d90000, 0x09d50000)
  eden space 4672K,   0% used [0x04800000, 0x04800000, 0x04c90000)
  from space 512K,  80% used [0x04c90000, 0x04cf6d70, 0x04d10000)
  to   space 512K,   0% used [0x04d10000, 0x04d10000, 0x04d90000)
 tenured generation   total 11296K, used 10487K [0x09d50000, 0x0a858000, 0x14800000)
   the space 11296K,  92% used [0x09d50000, 0x0a78dc70, 0x0a78de00, 0x0a858000)
 Metaspace       used 15403K, capacity 15997K, committed 16000K, reserved 16768K
}
Event: 2.536 GC heap before
{Heap before GC invocations=53 (full 1):
 def new generation   total 5184K, used 5083K [0x04800000, 0x04d90000, 0x09d50000)
  eden space 4672K, 100% used [0x04800000, 0x04c90000, 0x04c90000)
  from space 512K,  80% used [0x04c90000, 0x04cf6d70, 0x04d10000)
  to   space 512K,   0% used [0x04d10000, 0x04d10000, 0x04d90000)
 tenured generation   total 11296K, used 10487K [0x09d50000, 0x0a858000, 0x14800000)
   the space 11296K,  92% used [0x09d50000, 0x0a78dc70, 0x0a78de00, 0x0a858000)
 Metaspace       used 15595K, capacity 16192K, committed 16256K, reserved 16768K
Event: 2.538 GC heap after
Heap after GC invocations=54 (full 1):
 def new generation   total 5184K, used 342K [0x04800000, 0x04d90000, 0x09d50000)
  eden space 4672K,   0% used [0x04800000, 0x04800000, 0x04c90000)
  from space 512K,  66% used [0x04d10000, 0x04d65868, 0x04d90000)
  to   space 512K,   0% used [0x04c90000, 0x04c90000, 0x04d10000)
 tenured generation   total 11296K, used 10527K [0x09d50000, 0x0a858000, 0x14800000)
   the space 11296K,  93% used [0x09d50000, 0x0a797cc8, 0x0a797e00, 0x0a858000)
 Metaspace       used 15595K, capacity 16192K, committed 16256K, reserved 16768K
}
Event: 2.575 GC heap before
{Heap before GC invocations=54 (full 1):
 def new generation   total 5184K, used 5014K [0x04800000, 0x04d90000, 0x09d50000)
  eden space 4672K, 100% used [0x04800000, 0x04c90000, 0x04c90000)
  from space 512K,  66% used [0x04d10000, 0x04d65868, 0x04d90000)
  to   space 512K,   0% used [0x04c90000, 0x04c90000, 0x04d10000)
 tenured generation   total 11296K, used 10527K [0x09d50000, 0x0a858000, 0x14800000)
   the space 11296K,  93% used [0x09d50000, 0x0a797cc8, 0x0a797e00, 0x0a858000)
 Metaspace       used 15811K, capacity 16416K, committed 16512K, reserved 16768K
Event: 2.576 GC heap after
Heap after GC invocations=55 (full 1):
 def new generation   total 5184K, used 359K [0x04800000, 0x04d90000, 0x09d50000)
  eden space 4672K,   0% used [0x04800000, 0x04800000, 0x04c90000)
  from space 512K,  70% used [0x04c90000, 0x04ce9f50, 0x04d10000)
  to   space 512K,   0% used [0x04d10000, 0x04d10000, 0x04d90000)
 tenured generation   total 11296K, used 10599K [0x09d50000, 0x0a858000, 0x14800000)
   the space 11296K,  93% used [0x09d50000, 0x0a7a9d18, 0x0a7a9e00, 0x0a858000)
 Metaspace       used 15811K, capacity 16416K, committed 16512K, reserved 16768K
}

